### ISSUE TITLE
Japeth's DPMI test program from HX extender causes SEGV sometimes

### ISSUE THREAD

**Issue by andrewbird** [stsp/dosemu2#52]
Using the 'dpmi -r' test from the 2.17 version of HXRT causes dosemu2 to SEGV. The same prgram run under dosemu 1.4.0.8 runs okay to completion

http://web.archive.org/web/20140904175113/http://www.japheth.de/HX.html

Note I used dumb mode just so I could copy the screen, the same error occurs in -X and -S but the window disappears.

~~~
ajb@polly:/clients/common/dosemu2.git$ /opt/dosemu2/bin/dosemu -dumb
ALSA lib rawmidi_hw.c:233:(snd_rawmidi_hw_open) open /dev/snd/midiC0D0 failed: No such file or directory


DOSEMU2 2.0pre3-20150801-gd1323e4, configured: 2015-08-01 18:25:15 +0100
Please test against a recent version before reporting bugs and problems.
Submit Bugs & Patches to linux-msdos@vger.kernel.org or via http://dosemu.org.
FreeDOS kernel build 2036 cvs [version Aug 18 2006 compiled Aug 18 2006]
Kernel compatibility 7.10 - WATCOMC - 80386 CPU required - FAT32 support

(C) Copyright 1995-2006 Pasquale J. Villani and The FreeDOS Project.
All Rights Reserved. This is free software and comes with ABSOLUTELY NO
WARRANTY; you can redistribute it and/or modify it under the terms of the
GNU General Public License as published by the Free Software Foundation;
either version 2, or (at your option) any later version.
C: HD1, Pri[ 1], CHS=    0-1-1, start=     0 MB, size=  2000 MB
D: HD2, Pri[ 1], CHS=    0-1-1, start=     0 MB, size=  2000 MB
UMB's unavailable!                                                             
dosemu XMS 3.0 driver installed.
dosemu EMS driver rev 0.5 installed.
[dosemu cdrom driver installed (V0.2)]
Kernel: allocated 41 Diskbuffers = 21812 Bytes in HMA
Z: = LINUX\FS\ attrib = READ ONLY

FreeCom version 0.84-pre2 XMS_Swap [Aug 28 2006 00:29:00]
Sound on: SB at 0x220-0x22f, IRQ=5, DMA8=1, DMA16=5. MPU-401 at 0x330-0x331.
Redirection for drive D: was deleted.
D: = LINUX\FS/HOME/AJB attrib = READ/WRITE
Error 35 (network name not found)
while redirecting drive E: to LINUX\FS/MEDIA/CDROM
"Welcome to dosemu 2.0pre3-20150801-gd1323e4!"
C:\>dpmi -r
Cpu is in V86-mode
XMS v3.0 host found, largest free block: 8092 kB
No VCPI host found
DPMI v0.90 host found, cpu: 05, support of 32-bit clients: 0001
entry initial switch to protected-mode: F800:4800
size task-specific memory (paragraphs): 00E6
segment task-specific memory: 04A7
client CS/SS/DS/FS/GS: 00BF/00C7/00CF/0000/0000, ES (=PSP): 00D7
environment [PSP:2Ch]: 00DF, parent [PSP:16h]: C13C
GDTR: 00FF.F6FC9000 IDTR: 07FF.FFFBB000 LDTR: 0088 TR: 0080
version flags: 0005
master/slave PICs base: 08/70
state save protected-mode: 0097:00000001, real-mode: F800:4909
size state save buffer: 0034
raw jump to real-mode: 0097:00000000, protected-mode: F800:4908
largest free/lockable memory block (kB): 20480/20480
free unlocked (=virtuaSegmentation fault (core dumped)

~~~

**Comment by stsp** [comment]
Can't reproduce, please provide the log.

**Comment by andrewbird** [comment]
On Sat, 01 Aug 2015 11:39:32 -0700
Stas Sergeev <notifications@github.com> wrote:

> Can't reproduce, please provide the log.
> 
> ---
> Reply to this email directly or view it on GitHub:
> https://github.com/stsp/dosemu2/issues/52#issuecomment-126944156

Here's the log.

BTW I tried to run it under gdb afterwards to get a backtrace, but I seem to get loads of SEGVs and nowhere in dosemu code.

e.g.

~~~
Program received signal SIGSEGV, Segmentation fault.
0xae8cabf1 in ?? ()
(gdb) 
Continuing.

Program received signal SIGSEGV, Segmentation fault.
0xae8cac47 in ?? ()
(gdb) 
Continuing.

Program received signal SIGSEGV, Segmentation fault.
0xae8b3593 in ?? ()
(gdb) 
Continuing.

Program received signal SIGSEGV, Segmentation fault.
0xae8b36cc in ?? ()
(gdb) 
Continuing.

Program received signal SIGSEGV, Segmentation fault.
0xae8caf58 in ?? ()
(gdb) 
Continuing.

Program received signal SIGSEGV, Segmentation fault.
0xae8cafef in ?? ()
(gdb) quit
A debugging session is active.

	Inferior 1 [process 2543] will be killed.
~~~

-- 
Andrew Bird <ajb@spheresystems.co.uk>

**Comment by stsp** [comment]
There is no backtrace in the log which
is very suspicious. See dmesg, maybe
kernel decided to kill dosemu for whatever
reason?

> BTW I tried to run it under gdb afterwards to get a backtrace, but I seem to get loads
> of SEGVs and nowhere in dosemu code.

Usually you can do:
(gdb) handle SIGSEGV nostop noprint
(gdb) b error

But in this case error() doesn't seem to be
ever called, so maybe you can try $_cpu_emu="vm86sim"
to get rid of most SIGSEGVes.

**Comment by stsp** [comment]
Another thing to try is git bisect.
I guess something is wrong with my latest
DPMI surgery, should be easy to bisect.

**Comment by andrewbird** [comment]
I tried the vm86sim with gdb and handle SIGSEGV nostop noprint and it never seems to make it to the breakpoint in error()
~~~
Reading symbols from /opt/dosemu2/bin/dosemu.bin...done.
(gdb) break main
Breakpoint 1 at 0x8060f0b: file emu.c, line 319.
(gdb) break error
Breakpoint 2 at 0x8086d03: file utilities.c, line 294.
(gdb) handle SIGSEGV nostop noprint
Signal        Stop	Print	Pass to program	Description
SIGSEGV       No	No	Yes		Segmentation fault
(gdb) run -X -p
Starting program: /opt/dosemu2/bin/dosemu.bin -X -p
[Thread debugging using libthread_db enabled]
Using host libthread_db library "/lib/i386-linux-gnu/libthread_db.so.1".

Breakpoint 1, main (argc=3, argv=0xbffff724) at emu.c:319
319	{
(gdb) cont
Continuing.
[New Thread 0xb52b8b40 (LWP 9975)]
[New Thread 0xb499db40 (LWP 9976)]
[New Thread 0xb419cb40 (LWP 9977)]
[New Thread 0xaf1d3b40 (LWP 9978)]
[Thread 0xaf1d3b40 (LWP 9978) exited]
[New Thread 0xaf1d3b40 (LWP 9979)]
ALSA lib rawmidi_hw.c:233:(snd_rawmidi_hw_open) open /dev/snd/midiC0D0 failed: No such file or directory
[Thread 0xb419cb40 (LWP 9977) exited]
[Thread 0xaf1d3b40 (LWP 9979) exited]
[Thread 0xb499db40 (LWP 9976) exited]
[Thread 0xb52b8b40 (LWP 9975) exited]

Program terminated with signal SIGSEGV, Segmentation fault.
The program no longer exists.
~~~

I also tried it with vm86sim and no handle SIGSEGV, but I ran into this error
~~~
(gdb) run -X -p
Starting program: /opt/dosemu2/bin/dosemu.bin -X -p
[Thread debugging using libthread_db enabled]
Using host libthread_db library "/lib/i386-linux-gnu/libthread_db.so.1".
[New Thread 0xb52b8b40 (LWP 10252)]
[New Thread 0xb499db40 (LWP 10253)]
[New Thread 0xb419cb40 (LWP 10254)]
[New Thread 0xaf1d3b40 (LWP 10255)]
[Thread 0xaf1d3b40 (LWP 10255) exited]
[New Thread 0xaf1d3b40 (LWP 10256)]
ALSA lib rawmidi_hw.c:233:(snd_rawmidi_hw_open) open /dev/snd/midiC0D0 failed: No such file or directory
Cannot find user-level thread for LWP 10218: generic error
(gdb) cont
Continuing.
Cannot execute this command while the selected thread is running.
~~~

I found on the web[0] that when 'Cannot find user-level thread' occurs I should try gdbserver / target remote. I did this and unfortunately even with vim86sim set, I now get many SEGVs again

I'll try the bisect

[0] - https://sourceware.org/gdb/wiki/FAQ#9

**Comment by stsp** [comment]
Have you looked into dmesg?

**Comment by andrewbird** [comment]
Nothing of relevance in either dmesg output or syslog.

BTW it's not a recent regression. 2.0pre2 is bad. I'm trying to build 2.0pre1 at the moment, but having trouble because version.h isn't populated
~~~
int.c: In function ‘dos_helper’:
int.c:211:26: error: invalid type argument of unary ‘*’ (have ‘int’)
     LWORD(ebx) = VERSION * 0x100 + SUBLEVEL; /* major version 0.49 -> 0049 */
                          ^
int.c:211:44: error: expected expression before ‘;’ token
     LWORD(ebx) = VERSION * 0x100 + SUBLEVEL; /* major version 0.49 -> 0049 */
                                            ^
int.c:216:30: error: invalid type argument of unary ‘*’ (have ‘int’)
     LWORD(ecx) = PATCHLEVEL1 * 0x100 + PATCHLEVEL2;
                              ^
int.c:216:51: error: expected expression before ‘;’ token
     LWORD(ecx) = PATCHLEVEL1 * 0x100 + PATCHLEVEL2;
                                                   ^
~~~

**Comment by stsp** [comment]
You can use getversion script from the
latest to build the old one.

**Comment by andrewbird** [comment]
It's bad as far back as dosemu1 git. I expect I'll need to go back further to find a good one. (of course it could be there's something special in the ubuntu 1.4.0.8 package that makes it work for me)

~~~
commit 18f6f5cdf1beceae8c7532718bfaf423e4a44f6a
Author: Stas Sergeev <stsp@users.sourceforge.net>
Date:   Sat Oct 4 23:28:52 2014 +0400

    add sanity checks to rmapfile() to avoid crash [sf bug \#548]
~~~

I have to break off now for a few hours, but I'll resume later

**Comment by stsp** [comment]
Just to make sure, are you using 'git bisect'
cmd to automate the bisecting process?
I started to suspect you are trying to bisect
by hands somehow.

**Comment by andrewbird** [comment]
Yes, thanks I will do, but for now I need to find a known good version to start the bisect from :-)

**Comment by andrewbird** [comment]
I bisected dosemu1 repo
known good = b028d3fd33b004ac61583927884a64577e2d64c3 Sun Dec 23 22:08:11 2012 -0500
known bad =  18f6f5cdf1beceae8c7532718bfaf423e4a44f6a Sat Oct 4 23:28:52 2014 +0400

The commit that broke dosemu1 for me was 9a5dce39f7e1b82484311ab8681e299c6cac0ac2
~~~                
commit 9a5dce39f7e1b82484311ab8681e299c6cac0ac2                                 
Author: Stas Sergeev <stsp@users.sourceforge.net>                               
Date:   Sun Jun 29 06:30:45 2014 +0400                                          
                                                                                
    fix race in nested signal handling                                          
                                                                                
    Before allowing the nested signal we need to restore segment registers.     
    So set all signals initially to blocked, and unblock only when it is safe.  
                                                                                
:040000 040000 f3be345b23ef83f3ab38839d359c7d0a4b6b6d3f c9e8f8c46ab17496e34d6db4fc38904fe9e143a6 M      src
~~~

Just as a test I reverted that commit in dosemu2 and the SEGV disappears

Since the commit mentions 64bit kernels, I must mention my hardware is amd64 but running 32bit kernel

**Comment by stsp** [comment]
The patch looks correct.
The are a few bad scenarios I can think of.
For example, if we have SIGALRM in another
thread and SIGSEGV in main thread, while
the SIGALRM's thread didn't yet unblocked it,
we get crash. Could you please check that
all pthread_create() are called before signal_init()?
Looks unrealistic, I guess if that is the case, it
would crash much earlier under any DPMI task.
Another possible crash is if we get SIGSEGV
right in init_handler() - looks unrealistic either.

**Comment by andrewbird** [comment]
Hi,
I added printfs immediately before each pthread_create() and inside signal_init and of those threads started all were before the signal_init()
~~~
$ grep AJB ~/.dosemu/boot.log
AJB - render_thread
AJB - X_handle_events
AJB - synth_thread
AJB - signal_init()
~~~

Hope that helps

**Comment by andrewbird** [comment]
I added some more printfs in signal handler
```C
-  sigset_t mask;
+  sigset_t mask, omask;
   __init_handler(scp);
   sigemptyset(&mask);
   addset_signals_that_queue(&mask);
-  sigprocmask(SIG_SETMASK, &mask, NULL);
+  if(sigprocmask(SIG_SETMASK, &mask, &omask) < 0) {
+    g_printf("AJB: sigprocmask failed\n");
+  }
+
+  if(memcmp((sigset_t *) &mask, (sigset_t *) &omask, sizeof (sigset_t)) != 0) {
+    g_printf("AJB: old and new masks are the same\n");
+  } else {
+    g_printf("AJB: old and new masks are different\n");
+  }
 }
```

I see in the log that old and new masks are *ALWAYS* the same. Doesn't this mean that signals are never blocked?

**Comment by stsp** [comment]
DPMI is currently unsupported and does not
work, likely because of this patch:
https://lkml.org/lkml/2015/3/17/107
And I am at vacations.
Maybe you can get it working before I am back.
In any case, the obscure crash will have to wait.
Maybe you can set up an ssh to the 32bit machine
for me to reproduce it later.

**Comment by andrewbird** [comment]
I don't think I really understand the use of signals within Dosemu to fix this myself. I'm happy to test any code on my 32 bit 3.19.0 system you might want to try out before commiting. BTW it's not a problem for me, I only use/code on Dosemu for fun, so there's no urgency.

Thanks

**Comment by stsp** [comment]
> I don't think I really understand the use of signals within Dosemu to fix this myself.

Nobody does.
Eventually dosemu should be "rewritten" to run
the DOS progs in a clone(CLONE_VM) process...

> I'm happy to test any code on my 32 bit 3.19.0 system you might
> want to try out before commiting.

You can test devel. It mostly works on 4.1 already,
but I haven't tested on older ones. If they are good
(on x86_64), I'll merge to master.

> BTW it's not a problem for me, I only use/code on Dosemu for fun, so there's no urgency.

But a problem for me! :)
This whole stuff:
https://lkml.org/lkml/2015/8/12/800
have sucked 2 days of my vacation, which is
completely unacceptable. And it seems they'll
just revert the patch now, when I have already
fixed everything on dosemu side with all the
horrible autoconf and run-time trickery...

**Comment by andrewbird** [comment]
From an outsider's point of view it's quite an interesting read on lkml, though I'm sure you found it a little frustrating. :-)

**Comment by andrewbird** [comment]
It seems the problem is caused by any call to sigprocmask in the async signal handler. This is *also* true if it's just a read. e.g. comment out the signal stuff in init_handler()
```C

__attribute__((no_instrument_function))                                         
void init_handler(struct sigcontext_struct *scp)                                
{                                                                               
  /* All signals are initially blocked.                                         
   * We need to restore registers before unblocking signals.                    
   * Otherwise the nested signal handler will restore the registers             
   * and return; the current signal handler will then save the wrong            
   * registers.                                                                 
   * Note: in 64bit mode some segment registers are neither saved nor           
   * restored by the signal dispatching code in kernel, so we have              
   * to restore them by hands.                                                  
   */                                                                           
  //sigset_t mask;                                                              
  __init_handler(scp);                                                          
  //sigemptyset(&mask);                                                         
  //addset_signals_that_queue(&mask);                                           
  //sigprocmask(SIG_SETMASK, &mask, NULL);                                      
}                                                                               
```

If the dpmi -r program is run the problem goes away, presumably this is similar to reverting the patch.

Next add the following
```C
__attribute__((no_instrument_function))                                         
static void sigasync(int sig, siginfo_t *si, void *uc)                          
{                                                                               
  // this causes the failure, even though it's only a read operation                                                              
  sigset_t mask;                                                                
  sigemptyset(&mask);                                                           
  pthread_sigmask(0, NULL, &mask);       // *bang*                                       
                                                                                
  sigasync0(sig, (struct sigcontext_struct *)                                   
           &((ucontext_t *)uc)->uc_mcontext);                                   
}                                                                               
#endif                                                                          
```

Rerun the dpmi -r program and the problem has returned. What's weird is that the new pthread_sigmask() / sigprocmask() is a read operation.  I can only presume that the function doesn't work well with the alternate stack.

~~~
$ linuxinfo
Linux polly 3.19.0-25-generic #26~14.04.1-Ubuntu SMP Fri Jul 24 21:18:00 UTC 2015
Two AMD Unknown 1800MHz processors, 7215.00 total bogomips, 4037M RAM
System library 2.19.0
~~~

Not sure what to do next?

**Comment by stsp** [comment]
> If the dpmi -r program is run the problem goes away, presumably this is similar to reverting the patch.

Not at all, the initial mask is still different.
This also rejects my theory that we get the
signal while it is blocked. So a useful test.

> I can only presume that the function doesn't work well with the alternate stack.

Very unlikely.
Why are you moving things around?
Try things in init_handler(), not in sigasync().

**Comment by andrewbird** [comment]
On 17/08/15 08:59, Stas Sergeev wrote:
>
> Why are you moving things around?
> Try things in init_handler(), not in sigasync().
>

I did try it in init_handler() initially, then I realised I couldn't 
tell which signal was causing the problem, so I moved the test upwards 
into each of its callers. Then by a process of elimination I found only 
sigasync() had this problem.

Yes, since the initial sigmask is to block and I don't actually unblock 
it in the handler at the moment, I think i can conclude that the problem 
is not due to signal nesting, more like something that the either the 
sigprocmask() expects and it faults, or that it does itself and the 
crash happens elsewhere in the handler after its effects. At the moment 
I would like to know which, but since I still don't know how to print 
something in the handler, as printf etc are not safe in a signal 
handler, I'm not sure how to proceed.

Some things I thought about:
1/ Alignment might be different on x86/i386
2/ Padding might be different.
3/ Compiler might generate different prologue/epilogues

I did notice one thing, which I'll fix in a later patch, but I don't 
think is connected. The sighandlers function pointer array is NSIG long, 
but is indexed by signal number which is one based. So if the uppermost 
signal is called the index is off the end of the array by one. I doubt 
this signal will be called, it's called UNKNOWN and doesn't appear in 
"kill -l" on my system. Would you prefer defining sighandlers as length 
NSIG+1 and leave sighandlers[0] unused or fix its users to decrement 
index by one?

**Comment by stsp** [comment]
> tell which signal was causing the problem, so I moved the test upwards into each of its callers.
> Then by a process of elimination I found only sigasync() had this problem.

No, you simply moved your test before init_handler().
Now I've put init_handler() earlier to avoid such confusion
in the future.

> something in the handler, as printf etc are not safe in a signal handler, I'm not sure how to proceed.

They are, as long as you don't put them before init_handler().

Do you get a coredump? If so - please see the stack trace form it.

> think is connected. The sighandlers function pointer array is NSIG long,

#define _NSIG           65      /* Biggest signal number + 1
                                   (including real-time signals).  */

I don't think any bug is here.

**Comment by andrewbird** [comment]
I'm pretty sure it was plain NSIG, not _NSIG and was set to 32. But I'm not at the machine for a few hours to check, or do further tests. Thanks.




Sent from Samsung tablet

**Comment by stsp** [comment]
/usr/include/signal.h:

#ifdef __USE_MISC
# define NSIG   _NSIG
#endif

**Comment by andrewbird** [comment]
Yep, I agree NSIG == 65! That'll teach me to surf the Internet for include file contents :-(

**Comment by andrewbird** [comment]
Ok after disabling the apport stuff on ubuntu (echo core > /proc/sys/kernel/core_pattern),  I now get a plain old corefile!
So testing latest git(6766491326710cf568b5348807486fe49a0116f5), with no local mods by me

~~~
(gdb) bt full
#0  0xb75be8f4 in __sigprocmask (how=how@entry=2, set=0xaf, set@entry=0xadb6abd0, oset=oset@entry=0x0)
    at ../sysdeps/unix/sysv/linux/sigprocmask.c:57
        resultvar = <optimised out>
        resultvar = <optimised out>
        local_newmask = {__val = {11, 2914430240, 2038, 134736981, 2914430240, 0 <repeats 19 times>, 3076256267, 
            2914429904, 1152563, 134739960, 2914429904, 12, 3077008871, 2914430240}}
#1  0x0807f8d0 in init_handler (scp=scp@entry=0xadb6ad20) at signal.c:291
        mask = {__val = {469772800, 0 <repeats 31 times>}}
#2  0x0807f92f in sigasync (sig=27, si=0xadb6ac8c, uc=0xadb6ad0c) at signal.c:951
        scp = 0xadb6ad20
#3  <signal handler called>
No symbol table info available.
#4  0xb2ffa011 in ?? ()
No symbol table info available.
#5  0x00000000 in ?? ()
No symbol table info available.
~~~

**Comment by andrewbird** [comment]
The only odd thing I see in there is that
```C
 __sigprocmask (how=how@entry=2, set=0xaf, set@entry=0xadb6abd0, oset=oset@entry=0x0)
```
appears to have four arguments - i.e. two versions of set

**Comment by stsp** [comment]
Hmm, so we both were right:
Indeed the crash happens on a nested SIGSEGV
while it is blocked.
But, as you said, it goes right fom sigprocmask()...
Very strange.
Could you check with pthread_sigmask() instead?

> appears to have four arguments - i.e. two versions of set

No, it probably just shows the current "set" and "set@entry".
I'll see the sources of sigprocmask()...

**Comment by andrewbird** [comment]
I got the matching source for my glibc package and the corresponding line - 57 is
```C
  return INLINE_SYSCALL (rt_sigprocmask, 4, how, set, oset, _NSIG / 8);
```
So does that mean the segfault occurred in userspace, or somehow the kernel made one appear there?

**Comment by andrewbird** [comment]
Here's a similar one with pthread_sigmask()
~~~
ajb@polly:/clients/common/dosemu2.git$ gdb /opt/dosemu2/bin/dosemu.bin core 
GNU gdb (Ubuntu 7.7.1-0ubuntu5~14.04.2) 7.7.1
Copyright (C) 2014 Free Software Foundation, Inc.
License GPLv3+: GNU GPL version 3 or later <http://gnu.org/licenses/gpl.html>
This is free software: you are free to change and redistribute it.
There is NO WARRANTY, to the extent permitted by law.  Type "show copying"
and "show warranty" for details.
This GDB was configured as "i686-linux-gnu".
Type "show configuration" for configuration details.
For bug reporting instructions, please see:
<http://www.gnu.org/software/gdb/bugs/>.
Find the GDB manual and other documentation resources online at:
<http://www.gnu.org/software/gdb/documentation/>.
For help, type "help".
Type "apropos word" to search for commands related to "word"...
Reading symbols from /opt/dosemu2/bin/dosemu.bin...done.
[New LWP 13013]
[New LWP 13060]
[New LWP 13057]
[New LWP 13058]
[New LWP 13056]
[Thread debugging using libthread_db enabled]
Using host libthread_db library "/lib/i386-linux-gnu/libthread_db.so.1".
Core was generated by `/opt/dosemu2/bin/dosemu.bin -X -p'.
Program terminated with signal SIGSEGV, Segmentation fault.
#0  0xb7716f78 in pthread_sigmask (how=how@entry=2, newmask=0xaf, newmask@entry=0x2, oldmask=oldmask@entry=0x0)
    at ../nptl/sysdeps/pthread/pthread_sigmask.c:48
48	  int result = INTERNAL_SYSCALL (rt_sigprocmask, err, 4, how, newmask,
(gdb) bt full
#0  0xb7716f78 in pthread_sigmask (how=how@entry=2, newmask=0xaf, newmask@entry=0x2, oldmask=oldmask@entry=0x0)
    at ../nptl/sysdeps/pthread/pthread_sigmask.c:48
        resultvar = <optimised out>
        local_newmask = {__val = {2914430240, 2038, 134737045, 2914430240, 0, 3078011632, 3077593392, 1, 5, 0, 0, 0, 0, 
            2914429828, 136036756, 134569320, 134533272, 0, 0, 0, 3077623428, 0, 0, 3075699211, 2914429904, 1245606, 
            134740024, 2914429904, 12, 3076451815, 2914430240, 3075698859}}
        result = <optimised out>
#1  0x0807f910 in init_handler (scp=scp@entry=0xadb6ad20) at signal.c:291
        mask = {__val = {469772800, 0 <repeats 31 times>}}
#2  0x0807f96f in sigasync (sig=14, si=0xadb6ac8c, uc=0xadb6ad0c) at signal.c:951
        scp = 0xadb6ad20
#3  <signal handler called>
No symbol table info available.
#4  0xb2f72011 in ?? ()
No symbol table info available.
#5  0x00000000 in ?? ()
No symbol table info available.
~~~

**Comment by stsp** [comment]
I wonder if gcc re-arranged the code and is calling
sigprocmask() before __init_handler()...
Please try marking the __init_handler() as
__attribute__((no_instrument_function,noinline))

If this doesn't help, provide the disasm of init_handler()

**Comment by stsp** [comment]
Damn this formatting, it removed double underscores
from a few places! What you read is wrong.
The first mentioning of init_handler() should have
double underscore. After attribute word there is
another double underscore.

**Comment by stsp** [comment]
I mean underlines.

**Comment by andrewbird** [comment]
~~~
Reading symbols from /opt/dosemu2/bin/dosemu.bin...done.
[New LWP 14124]
[New LWP 14168]
[New LWP 14167]
[New LWP 14166]
[New LWP 14170]
[Thread debugging using libthread_db enabled]
Using host libthread_db library "/lib/i386-linux-gnu/libthread_db.so.1".
Core was generated by `/opt/dosemu2/bin/dosemu.bin -X -p'.
Program terminated with signal SIGSEGV, Segmentation fault.
#0  0xb751f8f4 in __sigprocmask (how=how@entry=2, set=0xaf, set@entry=0xadb6abd0, oset=oset@entry=0x0)
    at ../sysdeps/unix/sysv/linux/sigprocmask.c:57
57	  return INLINE_SYSCALL (rt_sigprocmask, 4, how, set, oset, _NSIG / 8);
(gdb) bt full
#0  0xb751f8f4 in __sigprocmask (how=how@entry=2, set=0xaf, set@entry=0xadb6abd0, oset=oset@entry=0x0)
    at ../sysdeps/unix/sysv/linux/sigprocmask.c:57
        resultvar = <optimised out>
        resultvar = <optimised out>
        local_newmask = {__val = {11, 2914430240, 2038, 134736981, 2914430240, 0 <repeats 19 times>, 3075605003, 
            2914429904, 66054, 134739960, 2914429904, 12, 3076357607, 2914430240}}
#1  0x0807f8d0 in init_handler (scp=scp@entry=0xadb6ad20) at signal.c:291
        mask = {__val = {469772800, 0 <repeats 31 times>}}
#2  0x0807f92f in sigasync (sig=14, si=0xadb6ac8c, uc=0xadb6ad0c) at signal.c:951
        scp = 0xadb6ad20
#3  <signal handler called>
No symbol table info available.
#4  0xb2f5b007 in ?? ()
No symbol table info available.
#5  0xb750aa83 in __libc_start_main (main=0x8060f2c <main>, argc=3, argv=0xbf9d7324, init=0x8143670 <__libc_csu_init>, 
    fini=0x81436e0 <__libc_csu_fini>, rtld_fini=0xb7742180 <_dl_fini>, stack_end=0xbf9d731c) at libc-start.c:287
        result = <optimised out>
        unwind_buf = {cancel_jmp_buf = {{jmp_buf = {-1217810432, 0, 0, 0, 182027172, -1855445067}, mask_was_saved = 0}}, 
          priv = {pad = {0x0, 0x0, 0x3, 0x8060560 <_start>}, data = {prev = 0x0, cleanup = 0x0, canceltype = 3}}}
        not_first_call = <optimised out>
#6  0x08060581 in _start ()
No symbol table info available.
~~~

**Comment by andrewbird** [comment]
~~~
Core was generated by `/opt/dosemu2/bin/dosemu.bin -X -p'.
Program terminated with signal SIGSEGV, Segmentation fault.
#0  0xb75628f4 in __sigprocmask (how=how@entry=2, set=0xaf, set@entry=0xadb6abd0, oset=oset@entry=0x0)
    at ../sysdeps/unix/sysv/linux/sigprocmask.c:57
57	  return INLINE_SYSCALL (rt_sigprocmask, 4, how, set, oset, _NSIG / 8);
(gdb) bt full
#0  0xb75628f4 in __sigprocmask (how=how@entry=2, set=0xaf, set@entry=0xadb6abd0, oset=oset@entry=0x0)
    at ../sysdeps/unix/sysv/linux/sigprocmask.c:57
        resultvar = <optimised out>
        resultvar = <optimised out>
        local_newmask = {__val = {11, 2914430240, 195191, 134736981, 2914430240, 0 <repeats 19 times>, 3075879435, 
            2914429904, 518, 134740089, 2914429904, 12, 3076632039, 2914430240}}
#1  0x0807f8cd in init_handler (scp=scp@entry=0xadb6ad20) at signal.c:291
        mask = {__val = {469772800, 0 <repeats 31 times>}}
#2  0x0807f92c in sigasync (sig=14, si=0xadb6ac8c, uc=0xadb6ad0c) at signal.c:951
        scp = 0xadb6ad20
#3  <signal handler called>
No symbol table info available.
#4  0xb2f9e007 in ?? ()
No symbol table info available.
#5  0xb754da83 in __libc_start_main (main=0x8060f2c <main>, argc=3, argv=0xbfa9e974, init=0x8143670 <__libc_csu_init>, 
    fini=0x81436e0 <__libc_csu_fini>, rtld_fini=0xb7785180 <_dl_fini>, stack_end=0xbfa9e96c) at libc-start.c:287
        result = <optimised out>
        unwind_buf = {cancel_jmp_buf = {{jmp_buf = {-1217536000, 0, 0, 0, 1458555679, -1400205554}, 
              mask_was_saved = 0}}, priv = {pad = {0x0, 0x0, 0x3, 0x8060560 <_start>}, data = {prev = 0x0, 
              cleanup = 0x0, canceltype = 3}}}
        not_first_call = <optimised out>
#6  0x08060581 in _start ()
No symbol table info available.
~~~

**Comment by stsp** [comment]
Please provide disasm of init_handler() and at a crash point.

**Comment by andrewbird** [comment]
So how do I get the disassembly?

**Comment by stsp** [comment]
Preferably when __init_handler() is marked "noinline"

**Comment by stsp** [comment]
(gdb) disas init_handler

**Comment by andrewbird** [comment]
~~~
(gdb) disas init_handler
Dump of assembler code for function init_handler:
   0x0807f88e <+0>:	push   %ebx
   0x0807f88f <+1>:	sub    $0x98,%esp
   0x0807f895 <+7>:	mov    0xa0(%esp),%eax
   0x0807f89c <+14>:	call   0x807f290 <__init_handler>
   0x0807f8a1 <+19>:	lea    0x10(%esp),%ebx
   0x0807f8a5 <+23>:	mov    %ebx,(%esp)
   0x0807f8a8 <+26>:	call   0x8060130 <sigemptyset@plt>
   0x0807f8ad <+31>:	mov    %ebx,(%esp)
   0x0807f8b0 <+34>:	call   0x807f811 <addset_signals_that_queue>
   0x0807f8b5 <+39>:	movl   $0x0,0x8(%esp)
   0x0807f8bd <+47>:	mov    %ebx,0x4(%esp)
   0x0807f8c1 <+51>:	movl   $0x2,(%esp)
   0x0807f8c8 <+58>:	call   0x805f680 <sigprocmask@plt>
   0x0807f8cd <+63>:	add    $0x98,%esp
   0x0807f8d3 <+69>:	pop    %ebx
   0x0807f8d4 <+70>:	ret    
End of assembler dump.
~~~

**Comment by stsp** [comment]
Now at a crash point please.

(gdb) disas $rip,$rip+100

**Comment by andrewbird** [comment]
~~~
(gdb)  disas $rip,$rip+100
Value can't be converted to integer.
~~~

**Comment by stsp** [comment]
(gdb)  disas $eip,$eip+100

**Comment by andrewbird** [comment]
~~~
(gdb) disas $eip,$eip+100
Dump of assembler code from 0xb75628f4 to 0xb7562958:
=> 0xb75628f4 <__sigprocmask+68>:	call   *%gs:0x10
   0xb75628fb <__sigprocmask+75>:	xchg   %edi,%ebx
   0xb75628fd <__sigprocmask+77>:	cmp    $0xfffff000,%eax
   0xb7562902 <__sigprocmask+82>:	ja     0xb7562926 <__sigprocmask+118>
   0xb7562904 <__sigprocmask+84>:	sub    $0xffffff80,%esp
   0xb7562907 <__sigprocmask+87>:	pop    %ebx
   0xb7562908 <__sigprocmask+88>:	pop    %esi
   0xb7562909 <__sigprocmask+89>:	pop    %edi
   0xb756290a <__sigprocmask+90>:	ret    
   0xb756290b <__sigprocmask+91>:	mov    %eax,%esi
   0xb756290d <__sigprocmask+93>:	mov    %esp,%edi
   0xb756290f <__sigprocmask+95>:	mov    $0x20,%ecx
   0xb7562914 <__sigprocmask+100>:	mov    %esp,%eax
   0xb7562916 <__sigprocmask+102>:	rep movsl %ds:(%esi),%es:(%edi)
   0xb7562918 <__sigprocmask+104>:	andl   $0x7fffffff,(%esp)
   0xb756291f <__sigprocmask+111>:	andl   $0xfffffffe,0x4(%esp)
   0xb7562924 <__sigprocmask+116>:	jmp    0xb75628d8 <__sigprocmask+40>
   0xb7562926 <__sigprocmask+118>:	mov    -0xdc(%ebx),%edx
   0xb756292c <__sigprocmask+124>:	neg    %eax
   0xb756292e <__sigprocmask+126>:	mov    %gs:0x0,%ecx
   0xb7562935 <__sigprocmask+133>:	mov    %eax,(%ecx,%edx,1)
   0xb7562938 <__sigprocmask+136>:	or     $0xffffffff,%eax
   0xb756293b <__sigprocmask+139>:	jmp    0xb7562904 <__sigprocmask+84>
   0xb756293d:	xchg   %ax,%ax
   0xb756293f:	nop
   0xb7562940 <kill+0>:	mov    %ebx,%edx
   0xb7562942 <kill+2>:	mov    0x8(%esp),%ecx
   0xb7562946 <kill+6>:	mov    0x4(%esp),%ebx
   0xb756294a <kill+10>:	mov    $0x25,%eax
   0xb756294f <kill+15>:	call   *%gs:0x10
   0xb7562956 <kill+22>:	mov    %edx,%ebx
End of assembler dump.
~~~

**Comment by andrewbird** [comment]
I also disassembled a little before the eip too
~~~
   0xb75628b0 <__sigprocmask+0>:	push   %edi
   0xb75628b1 <__sigprocmask+1>:	push   %esi
   0xb75628b2 <__sigprocmask+2>:	push   %ebx
   0xb75628b3 <__sigprocmask+3>:	add    $0xffffff80,%esp
   0xb75628b6 <__sigprocmask+6>:	mov    0x94(%esp),%eax
   0xb75628bd <__sigprocmask+13>:	call   0xb765a94b <__x86.get_pc_thunk.bx>
   0xb75628c2 <__sigprocmask+18>:	add    $0x17b73e,%ebx
   0xb75628c8 <__sigprocmask+24>:	test   %eax,%eax
   0xb75628ca <__sigprocmask+26>:	je     0xb75628d8 <__sigprocmask+40>
   0xb75628cc <__sigprocmask+28>:	mov    (%eax),%edx
   0xb75628ce <__sigprocmask+30>:	test   %edx,%edx
   0xb75628d0 <__sigprocmask+32>:	js     0xb756290b <__sigprocmask+91>
   0xb75628d2 <__sigprocmask+34>:	testb  $0x1,0x4(%eax)
   0xb75628d6 <__sigprocmask+38>:	jne    0xb756290b <__sigprocmask+91>
   0xb75628d8 <__sigprocmask+40>:	mov    $0x8,%esi
   0xb75628dd <__sigprocmask+45>:	mov    0x98(%esp),%edx
   0xb75628e4 <__sigprocmask+52>:	mov    %eax,%ecx
   0xb75628e6 <__sigprocmask+54>:	mov    0x90(%esp),%edi
   0xb75628ed <__sigprocmask+61>:	xchg   %ebx,%edi
   0xb75628ef <__sigprocmask+63>:	mov    $0xaf,%eax
=> 0xb75628f4 <__sigprocmask+68>:	call   *%gs:0x10
   0xb75628fb <__sigprocmask+75>:	xchg   %edi,%ebx
   0xb75628fd <__sigprocmask+77>:	cmp    $0xfffff000,%eax
   0xb7562902 <__sigprocmask+82>:	ja     0xb7562926 <__sigprocmask+118>
   0xb7562904 <__sigprocmask+84>:	sub    $0xffffff80,%esp
   0xb7562907 <__sigprocmask+87>:	pop    %ebx
   0xb7562908 <__sigprocmask+88>:	pop    %esi
   0xb7562909 <__sigprocmask+89>:	pop    %edi
   0xb756290a <__sigprocmask+90>:	ret    
   0xb756290b <__sigprocmask+91>:	mov    %eax,%esi
   0xb756290d <__sigprocmask+93>:	mov    %esp,%edi
   0xb756290f <__sigprocmask+95>:	mov    $0x20,%ecx
   0xb7562914 <__sigprocmask+100>:	mov    %esp,%eax
   0xb7562916 <__sigprocmask+102>:	rep movsl %ds:(%esi),%es:(%edi)
   0xb7562918 <__sigprocmask+104>:	andl   $0x7fffffff,(%esp)
   0xb756291f <__sigprocmask+111>:	andl   $0xfffffffe,0x4(%esp)
   0xb7562924 <__sigprocmask+116>:	jmp    0xb75628d8 <__sigprocmask+40>
   0xb7562926 <__sigprocmask+118>:	mov    -0xdc(%ebx),%edx
   0xb756292c <__sigprocmask+124>:	neg    %eax
   0xb756292e <__sigprocmask+126>:	mov    %gs:0x0,%ecx
   0xb7562935 <__sigprocmask+133>:	mov    %eax,(%ecx,%edx,1)
   0xb7562938 <__sigprocmask+136>:	or     $0xffffffff,%eax
   0xb756293b <__sigprocmask+139>:	jmp    0xb7562904 <__sigprocmask+84>
   0xb756293d:	xchg   %ax,%ax
   0xb756293f:	nop
   0xb7562940 <kill+0>:	mov    %ebx,%edx
   0xb7562942 <kill+2>:	mov    0x8(%esp),%ecx
   0xb7562946 <kill+6>:	mov    0x4(%esp),%ebx
   0xb756294a <kill+10>:	mov    $0x25,%eax
   0xb756294f <kill+15>:	call   *%gs:0x10
   0xb7562956 <kill+22>:	mov    %edx,%ebx
End of assembler dump.
~~~

**Comment by stsp** [comment]
info reg

**Comment by andrewbird** [comment]
~~~
(gdb) info reg
eax            0xaf	175
ecx            0xadb6abd0	-1380537392
edx            0x0	0
ebx            0x2	2
esp            0xadb6ab30	0xadb6ab30
ebp            0xbfa9e8d8	0xbfa9e8d8
esi            0x8	8
edi            0xb76de000	-1217536000
eip            0xb75628f4	0xb75628f4 <__sigprocmask+68>
eflags         0x10246	[ PF ZF IF RF ]
cs             0x73	115
ss             0x7b	123
ds             0x7b	123
es             0x7b	123
fs             0x0	0
gs             0x0	0
~~~

**Comment by andrewbird** [comment]
gs?

**Comment by stsp** [comment]
p /x eflags_fs_gs

**Comment by andrewbird** [comment]
~~~
(gdb) p /x eflags_fs_gs
$1 = {eflags = 0x217, fs = 0x0, gs = 0x33}
~~~

**Comment by stsp** [comment]
p in_vm86

**Comment by andrewbird** [comment]
~~~
(gdb) p in_vm86
$2 = 0
~~~

**Comment by stsp** [comment]
So it seems __init_handler() doesn't restore gs.

  if (getsegment(gs) != eflags_fs_gs.gs)
    loadregister(gs, eflags_fs_gs.gs);

Could you please move these lines upper a bit to
see what check prevents them from running?

**Comment by andrewbird** [comment]
just looking at it seems like if in_vm86

**Comment by stsp** [comment]
But its 0?

**Comment by andrewbird** [comment]
if I move them before the if in_vm86, the crash goes away

**Comment by andrewbird** [comment]
what I have now

```C
        if (getsegment(gs) != eflags_fs_gs.gs)                                  
          loadregister(gs, eflags_fs_gs.gs);                                    
                                                                                
  if (in_vm86) {                                                                
#ifdef __i386__                                                                 
#ifdef X86_EMULATOR                                                             
    if (!config.cpuemu)                                                         
#endif                                                                          
      {                                                                         
        if (getsegment(fs) != eflags_fs_gs.fs)                                  
          loadregister(fs, eflags_fs_gs.fs);                                    
      }                                                                         
#endif                                                                          
    return;                                                                     
  }                                                                             
                                                                                
```

**Comment by stsp** [comment]
So I guess I'll remove the if (!config.cpuemu)  check.

**Comment by andrewbird** [comment]
maybe if in_vm86 is 0, like in the crash, gs won't get restored

**Comment by stsp** [comment]
Why?
A few lines below the gs is restored again,
exactly for the !in_vm86 case.
Could you please try moving the one below, not
the one you found under in_vm86 check?

**Comment by andrewbird** [comment]
fixed by moving the lower gs restore above the !DPMIValidSelector(_cs)) return

```C
  if (getsegment(gs) != eflags_fs_gs.gs)                                        
    loadregister(gs, eflags_fs_gs.gs);                                          
                                                                                
  if (scp && !DPMIValidSelector(_cs)) return;                                   
                                                                                
  /* else interrupting DPMI code with an LDT %cs */                             
                                                                                
  /* restore %fs and %gs for compatibility with NPTL. */                        
  if (getsegment(fs) != eflags_fs_gs.fs)                                        
    loadregister(fs, eflags_fs_gs.fs);                                          
#ifdef __x86_64__                                                               
  /* kernel has the following rule: non-zero selector means 32bit base          
   * in GDT. Zero selector means 64bit base, set via msr.                       
   * So if we set selector to 0, need to use also prctl(ARCH_SET_xS). */        
  if (!eflags_fs_gs.fs)                                                         
    dosemu_arch_prctl(ARCH_SET_FS, eflags_fs_gs.fsbase);                        
  if (!eflags_fs_gs.gs)                                                         
    dosemu_arch_prctl(ARCH_SET_GS, eflags_fs_gs.gsbase);                        
#endif                                                                          
```

**Comment by stsp** [comment]
Could you please remove the "scp &&" part
to reduce the check?

**Comment by andrewbird** [comment]
crash back, so do you think there's something wrong with _cs?
```C
  if (!DPMIValidSelector(_cs)) return;                                          
                                                                                
  /* else interrupting DPMI code with an LDT %cs */                             
                                                                                
  /* restore %fs and %gs for compatibility with NPTL. */                        
  if (getsegment(fs) != eflags_fs_gs.fs)                                        
    loadregister(fs, eflags_fs_gs.fs);                                          
  if (getsegment(gs) != eflags_fs_gs.gs)                                        
    loadregister(gs, eflags_fs_gs.gs);                                          
                                                                                
#ifdef __x86_64__                                                               
  /* kernel has the following rule: non-zero selector means 32bit base          
   * in GDT. Zero selector means 64bit base, set via msr.                       
   * So if we set selector to 0, need to use also prctl(ARCH_SET_xS). */        
  if (!eflags_fs_gs.fs)                                                         
    dosemu_arch_prctl(ARCH_SET_FS, eflags_fs_gs.fsbase);                        
  if (!eflags_fs_gs.gs)                                                         
    dosemu_arch_prctl(ARCH_SET_GS, eflags_fs_gs.gsbase);                        
#endif                                                                          
```

**Comment by andrewbird** [comment]
~~~
Core was generated by `/opt/dosemu2/bin/dosemu.bin -X -p'.
Program terminated with signal SIGSEGV, Segmentation fault.
#0  0xb751a8f4 in __sigprocmask (how=how@entry=2, set=0xaf, set@entry=0xadb6abd0, oset=oset@entry=0x0)
    at ../sysdeps/unix/sysv/linux/sigprocmask.c:57
57	  return INLINE_SYSCALL (rt_sigprocmask, 4, how, set, oset, _NSIG / 8);
(gdb) p _cs
No symbol "_cs" in current context.
(gdb) bt full
#0  0xb751a8f4 in __sigprocmask (how=how@entry=2, set=0xaf, set@entry=0xadb6abd0, oset=oset@entry=0x0)
    at ../sysdeps/unix/sysv/linux/sigprocmask.c:57
        resultvar = <optimised out>
        resultvar = <optimised out>
        local_newmask = {__val = {11, 2914430240, 2038, 134736981, 2914430240, 0 <repeats 19 times>, 3075584523, 
            2914429904, 518, 134740090, 2914429904, 12, 3076337127, 2914430240}}
#1  0x0807f8ce in init_handler (scp=scp@entry=0xadb6ad20) at signal.c:292
        mask = {__val = {469772800, 0 <repeats 31 times>}}
#2  0x0807f92d in sigasync (sig=27, si=0xadb6ac8c, uc=0xadb6ad0c) at signal.c:952
        scp = 0xadb6ad20
#3  <signal handler called>
No symbol table info available.
#4  0xb2f56004 in ?? ()
No symbol table info available.
#5  0xb7505a83 in __libc_start_main (main=0x8060f2c <main>, argc=3, argv=0xbf95e794, init=0x8143670 <__libc_csu_init>, 
    fini=0x81436e0 <__libc_csu_fini>, rtld_fini=0xb773d180 <_dl_fini>, stack_end=0xbf95e78c) at libc-start.c:287
        result = <optimised out>
        unwind_buf = {cancel_jmp_buf = {{jmp_buf = {-1217830912, 0, 0, 0, -501779731, 1768814332}, mask_was_saved = 0}}, 
          priv = {pad = {0x0, 0x0, 0x3, 0x8060560 <_start>}, data = {prev = 0x0, cleanup = 0x0, canceltype = 3}}}
        not_first_call = <optimised out>
#6  0x08060581 in _start ()
No symbol table info available.
(gdb) frame 1
#1  0x0807f8ce in init_handler (scp=scp@entry=0xadb6ad20) at signal.c:292
292	  sigprocmask(SIG_SETMASK, &mask, NULL);
(gdb) p _cs
$1 = 115
~~~

**Comment by andrewbird** [comment]
looks like _cs only gets set in the 64 bit code?

**Comment by stsp** [comment]
So it looks like cs is from dosemu, strange.
Please see
(gdb) disas 0xb2f56004,0xb2f56004+100

**Comment by andrewbird** [comment]
Does it matter that I changed the frame>
~~~
(gdb) p _cs
$1 = 115
(gdb) disas 0xb2f56004,0xb2f56004+100
Dump of assembler code from 0xb2f56004 to 0xb2f56068:
   0xb2f56004:	pop    %fs
   0xb2f56006:	pop    %es
   0xb2f56007:	pop    %ds
   0xb2f56008:	popa   
   0xb2f56009:	add    $0x10,%esp
   0xb2f5600c:	popf   
   0xb2f5600d:	lss    (%esp),%esp
   0xb2f56011:	ljmp   *%cs:0xb2f57000
   0xb2f56018:	add    %al,(%eax)
   0xb2f5601a:	add    %al,(%eax)
   0xb2f5601c:	add    %al,(%eax)
   0xb2f5601e:	add    %al,(%eax)
   0xb2f56020:	add    %al,(%eax)
   0xb2f56022:	add    %al,(%eax)
   0xb2f56024:	add    %al,(%eax)
   0xb2f56026:	add    %al,(%eax)
   0xb2f56028:	add    %al,(%eax)
   0xb2f5602a:	add    %al,(%eax)
   0xb2f5602c:	add    %al,(%eax)
   0xb2f5602e:	add    %al,(%eax)
   0xb2f56030:	add    %al,(%eax)
   0xb2f56032:	add    %al,(%eax)
   0xb2f56034:	add    %al,(%eax)
   0xb2f56036:	add    %al,(%eax)
   0xb2f56038:	add    %al,(%eax)
   0xb2f5603a:	add    %al,(%eax)
   0xb2f5603c:	add    %al,(%eax)
   0xb2f5603e:	add    %al,(%eax)
   0xb2f56040:	add    %al,(%eax)
   0xb2f56042:	add    %al,(%eax)
   0xb2f56044:	add    %al,(%eax)
   0xb2f56046:	add    %al,(%eax)
   0xb2f56048:	add    %al,(%eax)
   0xb2f5604a:	add    %al,(%eax)
   0xb2f5604c:	add    %al,(%eax)
   0xb2f5604e:	add    %al,(%eax)
   0xb2f56050:	add    %al,(%eax)
   0xb2f56052:	add    %al,(%eax)
   0xb2f56054:	add    %al,(%eax)
   0xb2f56056:	add    %al,(%eax)
   0xb2f56058:	add    %al,(%eax)
   0xb2f5605a:	add    %al,(%eax)
   0xb2f5605c:	add    %al,(%eax)
   0xb2f5605e:	add    %al,(%eax)
   0xb2f56060:	add    %al,(%eax)
   0xb2f56062:	add    %al,(%eax)
   0xb2f56064:	add    %al,(%eax)
   0xb2f56066:	add    %al,(%eax)
End of assembler dump.
~~~

**Comment by andrewbird** [comment]
I notice the x86_64 comments mention that ds,es, and ss need to be handled by hand, but the code also does cs. There is no corresponding i386 code to handle cs, don't you think this is odd?

**Comment by stsp** [comment]
What do you mean?
The signal code never deals with cs directly.

The disasm you pointed, is from dpmisel.S btw.

**Comment by andrewbird** [comment]
line 224 and 235 in signal.c set _cs but it's in the 64 bit only section. Remember I'm on i386, there's no set for that and _cs is tested later in the !DPMIValidSelector(_cs) return statement


```C
    if (config.cpuemu > 3) {                                                    
      _cs = getsegment(cs);                                                     
    } else if (_cs == 0) {                                                      
      if (config.dpmi) {                                                        
        fprintf(stderr, "Cannot run DPMI code natively ");                      
        if (kernel_version_code < KERNEL_VERSION(2, 6, 15))                     
          fprintf(stderr, "because your Linux kernel is older than version 2.6.15.\n");
        else                                                                    
          fprintf(stderr, "for unknown reasons.\nPlease contact linux-msdos@vger.kernel.org.\n");
        fprintf(stderr, "Set $_cpu_emu=\"full\" or \"fullsim\" to avoid this message.\n");
      }                                                                         
      config.cpuemu = 4;                                                        
      _cs = getsegment(cs);                                                     
    }                                                                           
```

**Comment by andrewbird** [comment]
So I guess I'm saying shouldn't we always do 
```C
_cs = getsegment(cs);
```
if we are doing to always do
```C
if (scp && !DPMIValidSelector(_cs)) return;
```

**Comment by stsp** [comment]
This is a work-around for some kernel bug.
I've simplified it now so that you don't spend
much time on it.

_cs==115 (0x73) is fine, its a dosemu's cs.
And the code in dpmisel.S is dosemu code too,
so there is nothing wrong with cs.

I am absolutely unsure why restoring gs helps.
It can only avoid an immediate coredump, but
I am surprised that the DPMI prog can continue
its execution if we faulted that way.

**Comment by andrewbird** [comment]
Hi Stas,
I realise you are expert here, but I keep saying I'm running 32bit *i386* here. The code you just changed is inside 
#ifdef __x86_64__

#endif 
so makes no difference to me :-)

**Comment by stsp** [comment]
This code is now also under "if (_cs ==0)"
which never happens (on newer kernels at least).
So it makes no difference to you and to no one
else, just consider it removed.

**Comment by andrewbird** [comment]
Ahh, I misunderstood. I thought your code change was supposed to fix the segfault, but I realise you were just cleaning up some stuff that might confuse me during debugging.

**Comment by andrewbird** [comment]
This fixes it for me, but are there occasions when restoring gs isn't the right thing to do?

~~~
diff --git a/src/arch/linux/async/signal.c b/src/arch/linux/async/signal.c
index f172aab..ca3d5ba 100644
--- a/src/arch/linux/async/signal.c
+++ b/src/arch/linux/async/signal.c
@@ -250,7 +250,11 @@ static void __init_handler(struct sigcontext_struct *scp)
     return;
   }
 
-  if (scp && !DPMIValidSelector(_cs)) return;
+  if (scp && !DPMIValidSelector(_cs)) {
+       if (getsegment(gs) != eflags_fs_gs.gs)
+               loadregister(gs, eflags_fs_gs.gs);
+       return;
+  }
 
   /* else interrupting DPMI code with an LDT %cs */
~~~

**Comment by stsp** [comment]
I don't think it can fix anything.
It can likely only avoid an immediate crash but
it will still terminate with an error.

**Comment by stsp** [comment]
I will need ssh to fix this.
dpmisel.S's 32bit part is currently unreadable
and needs cleanup. In fact, it gets copied to the
memory buffer and runtime patched. Insane.

**Comment by andrewbird** [comment]
Ok, tomorrow I will try to set it up

Sent from Samsung tablet

-------- Original message --------
From Stas Sergeev <notifications@github.com> 
Date: 17/08/2015  22:24  (GMT+00:00) 
To stsp/dosemu2 <dosemu2@noreply.github.com> 
Cc Andrew Bird <ajb@spheresystems.co.uk> 
Subject Re: [dosemu2] Japeth's DPMI test program from HX extender causes SEGV
  sometimes (#52) 
 
I will need ssh to fix this.
dpmisel.S's 32bit part is currently unreadable
and needs cleanup. In fact, it gets copied to the
memory buffer and runtime patched. Insane.

**Comment by andrewbird** [comment]
Btw I notice that we have a local copy of ldt.h. Perhaps we should be using the one that comes with the distro?





Sent from Samsung tablet

-------- Original message --------
From Stas Sergeev <notifications@github.com> 
Date: 17/08/2015  22:24  (GMT+00:00) 
To stsp/dosemu2 <dosemu2@noreply.github.com> 
Cc Andrew Bird <ajb@spheresystems.co.uk> 
Subject Re: [dosemu2] Japeth's DPMI test program from HX extender causes SEGV
  sometimes (#52) 
 
I will need ssh to fix this.
dpmisel.S's 32bit part is currently unreadable
and needs cleanup. In fact, it gets copied to the
memory buffer and runtime patched. Insane.

**Comment by stsp** [comment]
Please see the dpmi_sw branch.
I've done some blind 32bit cleanups in dpmisel.S,
but I don't know it even compiles.

There are many private headers. All in "Asm" and "Linux"
dirs. Feel free to try the system headers instead of those.

**Comment by stsp** [comment]
Btw, it is absolutely surprising that all this
time long you referred to a crash with an error
as "it works".

**Comment by andrewbird** [comment]
No, when I say 'it works or fixed' I mean dmpi -r ran to completion, there was no crash in dos or dosemu and I exited normally using exitemu. Crash means dpmi -r was running and dosemu returned to the linux prompt with segfault message. I suppose I may have used the term 'it works' to describe gdb generating the core dump of the crash, but I don't recall the occasion. 




Sent from Samsung tablet

-------- Original message --------
From Stas Sergeev <notifications@github.com> 
Date: 18/08/2015  07:47  (GMT+00:00) 
To stsp/dosemu2 <dosemu2@noreply.github.com> 
Cc Andrew Bird <ajb@spheresystems.co.uk> 
Subject Re: [dosemu2] Japeth's DPMI test program from HX extender causes SEGV
  sometimes (#52) 
 
Btw, it is absolutely surprising that all this
time long you referred to a crash with an error
as "it works".

**Comment by stsp** [comment]
So do you mean the change with gs really allows
the program to work to the end, rather than to just
fix an immediate crash? Unbelievable.
I'll be testing on a 32bit system...

**Comment by stsp** [comment]
OK, I was stupid: I have completely missed
the fact that it goes through sigasync(), so it is
not fault at all, just some async signal...
Then indeed your change may fix the problem.

**Comment by andrewbird** [comment]
Here's the dumb terminal output for devel with the gs fix patch applied
~~~
ajb@polly:/clients/common/dosemu2.git$ /opt/dosemu2/bin/dosemu -dumb
ALSA lib rawmidi_hw.c:233:(snd_rawmidi_hw_open) open /dev/snd/midiC0D0 failed: No such file or directory


DOSEMU2 2.0pre3-20150817-gcba1b0d, configured: 2015-08-17 20:58:36 +0100
Please test against a recent version before reporting bugs and problems.
Submit Bugs & Patches to linux-msdos@vger.kernel.org or via http://dosemu.org.
FreeDOS kernel build 2036 cvs [version Aug 18 2006 compiled Aug 18 2006]
Kernel compatibility 7.10 - WATCOMC - 80386 CPU required - FAT32 support

(C) Copyright 1995-2006 Pasquale J. Villani and The FreeDOS Project.
All Rights Reserved. This is free software and comes with ABSOLUTELY NO
WARRANTY; you can redistribute it and/or modify it under the terms of the
GNU General Public License as published by the Free Software Foundation;
either version 2, or (at your option) any later version.
C: HD1, Pri[ 1], CHS=    0-1-1, start=     0 MB, size=  2000 MB
D: HD2, Pri[ 1], CHS=    0-1-1, start=     0 MB, size=  2000 MB
UMB's unavailable!                                                             
dosemu XMS 3.0 driver installed.
dosemu EMS driver rev 0.5 installed.
[dosemu cdrom driver installed (V0.2)]
Kernel: allocated 41 Diskbuffers = 21812 Bytes in HMA
Z: = LINUX\FS\ attrib = READ ONLY

FreeCom version 0.84-pre2 XMS_Swap [Aug 28 2006 00:29:00]
Sound on: SB at 0x220-0x22f, IRQ=5, DMA8=1, DMA16=5. MPU-401 at 0x330-0x331.
Redirection for drive D: was deleted.
D: = LINUX\FS/HOME/AJB attrib = READ/WRITE
Error 35 (network name not found)
while redirecting drive E: to LINUX\FS/MEDIA/CDROM
"Welcome to dosemu 2.0pre3-20150817-gcba1b0d!"
C:\>dpmi -r
Cpu is in V86-mode
XMS v3.0 host found, largest free block: 8092 kB
No VCPI host found
DPMI v0.90 host found, cpu: 05, support of 32-bit clients: 0001
entry initial switch to protected-mode: F800:4800
size task-specific memory (paragraphs): 00E6
segment task-specific memory: 04A7
client CS/SS/DS/FS/GS: 00BF/00C7/00CF/0000/0000, ES (=PSP): 00D7
environment [PSP:2Ch]: 00DF, parent [PSP:16h]: C13C
GDTR: 00FF.F71C6000 IDTR: 07FF.FFFBB000 LDTR: 0088 TR: 0080
version flags: 0005
master/slave PICs base: 08/70
state save protected-mode: 0097:00000001, real-mode: F800:4909
size state save buffer: 0034
raw jump to real-mode: 0097:00000000, protected-mode: F800:4908
largest free/lockable memory block (kB): 20480/20480
free unlocked (=virtual) memory (kB): 20480
total/free address space (kB): 20480/20480
total/free physical memory (kB): 20480/20480
Coprocessor status: 004D
vendor: DOSEMU Version 2.0
, version: 00.5A
capabilities: 0078
vendor 'MS-DOS' API entry: 0097:00000130
time calling 100.000 * INT 69h: 0000000C
time calling 100.000 * INT 31h, AX=0300h (Sim INT 69h): 0000000B
time calling 500.000 * INT 31h, AX=0901h: 00000020
time 200.000 * raw mode switches PM->RM->,PM: 0000001C
C:\>
~~~

The question I have is why is gs == 0 in the first place?

**Comment by stsp** [comment]
Because dpmisel.S already reset gs but not
yet changed cs. We have a race there.
I'll fix it later. For now I am moving the dpmisel.S
to dpmi.c, rewriting it into a C code for better
understanding. I hate code that I don't understand,
so, instead of fixing the race, I am rewriting it for
better looking.
Most complexity was to support -fpic/-fpie on 32bit with
direct context switches. Since no one will use -fpic
for dosemu (and perhaps someone will rarely use -fpie),
I simply removed that support and disable the direct
context switches with -fpic/-fpie instead, so that it still works.

**Comment by andrewbird** [comment]
As requested I'm just testing compilation of each of your branches
- devel : compile ok
- dpmi_sw : compile failed, see below
~~~
dpmi.c: In function ‘dpmi_transfer’:
dpmi.c:468:11: error: ‘direct_dpmi_transfer_p’ undeclared (first use in this function)
     : "r"(direct_dpmi_transfer_p), "1"(scp)
           ^
dpmi.c:468:11: note: each undeclared identifier is reported only once for each function it appears in
dpmi.c: In function ‘indirect_dpmi_switch’:
dpmi.c:1360:49: error: ‘DPMI_indirect_transfer’ undeclared (first use in this function)
     if (*csp != 0xf4 || csp != (unsigned char *)DPMI_indirect_transfer)
                                                 ^
make[2]: *** [dpmi.o] Error 1
~~~
- dpmi_sw2 : compile ok

**Comment by stsp** [comment]
I've found the machine to test dpmi_sw2, so should be ok.

**Comment by andrewbird** [comment]
That's great. In the meantime would you want a patch that renames occurrences of 'sigcontext_struct' to 'sigcontext' and removes the compatibility #define?

**Comment by stsp** [comment]
OK.

**Comment by stsp** [comment]
I've pushed a new switching code.
Enjoy much fewer asm, with the only "regression"
to not support -fpic together with direct context switches.

**Comment by andrewbird** [comment]
runs ok here with the gs restore patch and 'dpmi -r'

**Comment by stsp** [comment]
Should now be fixed, please test.

> This fixes it for me, but are there occasions when restoring gs isn't the right thing to do?

Eg when signals are coming from different threads.
But this shouldn't happen any more. If this will and
gs is restored, things will break in a very obscure ways.

**Comment by andrewbird** [comment]
Yep seems to be fixed. I ran it 30-40 times and no crash. Thanks again
