### ISSUE TITLE
[Feature Request] Need more base memory to build MS-DOS 2.00 DEBUG

### ISSUE THREAD

**Issue by ecm-pushbx** [stsp/dosemu2#680]
I'm trying to build MS-DOS 2.00's DEBUG from the sources and with the assembler executable given in https://github.com/microsoft/ms-dos  But I keep getting "Out Of Memory" errors on some files:

```
G:\>masm debcom2
The Microsoft MACRO Assembler             
Version 1.10, Copyright (C) Microsoft Inc. 1981,82

Object filename [DEBCOM2.OBJ]: 
Source listing  [NUL     .LST]: 
Cross reference [NUL     .CRF]: 
*Out Of Memory*
G:\>
```

This is after (in dosemu -dumb) I already extended the LMA up to segment 0AFFFh manually, by hacking the MCB chain and the "segment of first UMB MCB" in the "disk buffer info" record.

```
G:\>ldebug
Determining processor type
Found 186+ processor
Found 286+ processor
Found 386+ processor
Found 486+ processor
Found processor with CPUID support
Executing CPUID 0
CPUID 0 executed
Executing CPUID 1
CPUID 1 executed
Determining floating-point unit


-dm
PSP: 11B6
02B4 4D 0008 000D    208 B SD
02C2 4D 02DA 0016    352 B LDEBUG
02D9 4D 02DA 0EDB   59 KiB LDEBUG
11B5 5A 11B6 9E49  633 KiB DEBUGGEE
AFFF 4D 0008 1100   68 KiB SC
C100 4D 0008 011B    4 KiB SD
C21C 4D C21D 00BC    2 KiB COMMAND
C2D9 4D 0000 1D25  116 KiB
DFFF 4D 0008 1000   64 KiB SC
F000 4D 0000 0316   12 KiB
F317 4D 0000 0090    2 KiB
F3A8 4D C21D 0040   1024 B COMMAND
F3E9 5A 0000 0016    352 B
-
```

Assuming for now that the error is actually about memory, I'm asking for a way to boot with memory up to segment 0F400h being made available to the LMA MCB chain, ie int 12h should return a value larger than 640 (KiB).

**Comment by ecm-pushbx** [comment]
Background: I think that I've read of how 8086-based systems were used to build (assemble, link) MS-DOS components, which didn't have the IBM PC BIOS's excluded memory range, and thus provided nearly 1 MiB of conventional memory.

**Comment by andrewbird** [comment]
Not the direct answer to your question but I wonder if you could try building under fdpp? This screenshot from @stsp shows almost all of the 640k available ![](https://user-images.githubusercontent.com/3295627/43041179-12d45a04-8d61-11e8-88d1-df36a64378aa.png)

**Comment by ecm-pushbx** [comment]
> Hi C,
> 
> I think you could try LOADFIX. Some old MS tools
> were confused when less than 64 kB in the beginning
> of the first 640 kB are in use...
> 
> Eric

Thanks! Running "loadfix masm debug" (eg) hanged somehow. But I loaded lDebug and left it resident in TSR mode, which makes it so that no memory is free below 64 KiB because the debugger takes up that space. That did fix the issue with the given MASM, and allows me to build their DEBUG.COM to completion.

**Comment by ecm-pushbx** [comment]
This is the complete run to make it build their DEBUG (Version 2.30, supports "P" command, slightly newer than 2.10 (which doesn't recognise P) given in the bin directory):

```
$ cd source
$ ln -s ../bin/MASM.EXE MASM.EXE
$ ln -s ../bin/LINK.EXE LINK.EXE
$ ln -s ../bin/EXE2BIN.EXE EXE2BIN.EXE
$ unix2dos DEBCOM2.ASM 
unix2dos: converting file DEBCOM2.ASM to DOS format...
$ DOSDRIVE_EXTRA="$PWD" dosemu -dumb
dosemu2 2.0pre8-20180929-436-g31af7ab08
Configured: 2018-09-30 09:36:27 +0200
Please test against a recent version before reporting bugs and problems.
Get the latest code at http://stsp.github.io/dosemu2
Submit Bugs via https://github.com/stsp/dosemu2/issues
Ask for help in mail list: linux-msdos@vger.kernel.org

FreeDOS kernel - SVN (build 2042 OEM:0xfd) [compiled Sep 22 2017]
Kernel compatibility 7.10 - BORLANDC - FAT32 support

(C) Copyright 1995-2012 Pasquale J. Villani and The FreeDOS Project.
All Rights Reserved. This is free software and comes with ABSOLUTELY NO
WARRANTY; you can redistribute it and/or modify it under the terms of the
GNU General Public License as published by the Free Software Foundation;
either version 2, or (at your option) any later version.
C: HD1, Pri[ 1], CHS=    0-1-1, start=     0 MB, size=  2000 MB
D: HD2, Pri[ 1], CHS=    0-1-1, start=     0 MB, size=  2000 MB
E: HD3, Pri[ 1], CHS=    0-1-1, start=     0 MB, size=  2000 MB
F: HD4, Pri[ 1], CHS=    0-1-1, start=     0 MB, size=  2000 MB
dosemu XMS 3.0 & UMB support enabled                                           
dosemu EMS driver rev 0.8 installed.
EMUFS host file and print access available
Kernel: allocated 30 Diskbuffers = 15960 Bytes in HMA
BLASTER=A220 I5 D1 H5 P330 T6
MIDI=SYNTH:2 MAP:E MODE:0
G: = \\LINUX\FS/HOME/EVLN/CODING/PROJ/MSDOS/MS-DOS/V2.0/SOURCE attrib = READ/WRITE
Welcome to dosemu2!
    Build 2.0pre8-20180929-436-g31af7ab08
C:\>ldebug
Determining processor type
Found 186+ processor
Found 286+ processor
Found 386+ processor
Found 486+ processor
Found processor with CPUID support
Executing CPUID 0
CPUID 0 executed
Executing CPUID 1
CPUID 1 executed
Determining floating-point unit


-tsr
Patched PSP at 11B6, now resident.
-dm
PSP: 11B6
02B4 4D 0008 000D    208 B SD
02C2 4D 02DA 0016    352 B LDEBUG
02D9 4D 02DA 0EDB   59 KiB LDEBUG
11B5 5A 11B6 8E49  569 KiB DEBUGGEE
9FFF 4D 0008 0001     16 B SC
A001 4D C21D 0040   1024 B COMMAND
A042 4D 0000 0FBC   62 KiB
AFFF 4D 0008 1100   68 KiB SC
C100 4D 0008 011B    4 KiB SD
C21C 4D C21D 00BC    2 KiB COMMAND
C2D9 4D 0000 1D25  116 KiB
DFFF 4D 0008 1000   64 KiB SC
F000 4D 0000 036E   13 KiB
F36F 5A 0000 0090    2 KiB
-g
C:\>G:
G:\>masm DEBUG
The Microsoft MACRO Assembler             
Version 1.10, Copyright (C) Microsoft Inc. 1981,82

Object filename [DEBUG.OBJ]: 
Source listing  [NUL     .LST]: 
Cross reference [NUL     .CRF]: 
                             C  
 E r r o r   ---        1:Extra characters on line      
DOSSYM in Pass 2

Warning Severe
Errors  Errors 
1       0
G:\>masm DEBUASM
The Microsoft MACRO Assembler             
Version 1.10, Copyright (C) Microsoft Inc. 1981,82

Object filename [DEBUASM.OBJ]: 
Source listing  [NUL     .LST]: 
Cross reference [NUL     .CRF]: 
                             C  
 E r r o r   ---        1:Extra characters on line      
DOSSYM in Pass 2

Warning Severe
Errors  Errors 
1       0
G:\>masm DEBMES
The Microsoft MACRO Assembler             
Version 1.10, Copyright (C) Microsoft Inc. 1981,82

Object filename [DEBMES.OBJ]: 
Source listing  [NUL     .LST]: 
Cross reference [NUL     .CRF]: 
                             C  
 E r r o r   ---        1:Extra characters on line      
DOSSYM in Pass 2

Warning Severe
Errors  Errors 
1       0
G:\>masm DEBEQU
The Microsoft MACRO Assembler             
Version 1.10, Copyright (C) Microsoft Inc. 1981,82

Object filename [DEBEQU.OBJ]: 
Source listing  [NUL     .LST]: 
Cross reference [NUL     .CRF]: 
?End of file encountered on input file
?End of file encountered on input file

Warning Severe
Errors  Errors 
0       0
G:\>masm DEBDATA
The Microsoft MACRO Assembler             
Version 1.10, Copyright (C) Microsoft Inc. 1981,82

Object filename [DEBDATA.OBJ]: 
Source listing  [NUL     .LST]: 
Cross reference [NUL     .CRF]: 
                             C  
 E r r o r   ---        1:Extra characters on line      
DOSSYM in Pass 2

Warning Severe
Errors  Errors 
1       0
G:\>masm DEBCONST
The Microsoft MACRO Assembler             
Version 1.10, Copyright (C) Microsoft Inc. 1981,82

Object filename [DEBCONST.OBJ]: 
Source listing  [NUL     .LST]: 
Cross reference [NUL     .CRF]: 
                             C  
 E r r o r   ---        1:Extra characters on line      
DOSSYM in Pass 2

Warning Severe
Errors  Errors 
1       0
G:\>masm DEBCOM1
The Microsoft MACRO Assembler             
Version 1.10, Copyright (C) Microsoft Inc. 1981,82

Object filename [DEBCOM1.OBJ]: 
Source listing  [NUL     .LST]: 
Cross reference [NUL     .CRF]: 
                             C  
 E r r o r   ---        1:Extra characters on line      
DOSSYM in Pass 2

Warning Severe
Errors  Errors 
1       0
G:\>masm DEBCOM2
The Microsoft MACRO Assembler             
Version 1.10, Copyright (C) Microsoft Inc. 1981,82

Object filename [DEBCOM2.OBJ]: 
Source listing  [NUL     .LST]: 
Cross reference [NUL     .CRF]: 
                             C  
 E r r o r   ---        1:Extra characters on line      
DOSSYM in Pass 2

Warning Severe
Errors  Errors 
1       0
G:\>masm DEBASM
The Microsoft MACRO Assembler             
Version 1.10, Copyright (C) Microsoft Inc. 1981,82

Object filename [DEBASM.OBJ]: 
Source listing  [NUL     .LST]: 
Cross reference [NUL     .CRF]: 
                             C  
 E r r o r   ---        1:Extra characters on line      
DOSSYM in Pass 2

Warning Severe
Errors  Errors 
1       0
G:\>link

   Microsoft Object Linker V2.00
(C) Copyright 1982 by Microsoft Inc.

Object Modules [.OBJ]: DEBUG DEBUASM DEBMES DEBEQU DEBDATA DEBCONST DEBCOM1 DEBCOM2 DEBASM
Run File [DEBUG.EXE]: 
List File [NUL.MAP]: 
Libraries [.LIB]: 
Warning: No STACK segment

There was 1 error detected.
G:\>exe2bin DEBUG.EXE
G:\>exitemu
$ mv debug.bin debug.com
$ dosemu -quiet -dumb -E debug.com
-r
AX=0000  BX=0000  CX=0000  DX=0000  SP=CE5E  BP=0000  SI=0000  DI=0000  
DS=06E4  ES=06E4  SS=06E4  CS=06E4  IP=0100   NV UP DI PL NZ NA PO NC 
06E4:0100 007508        ADD     [DI+08],DH                         DS:0008=36
-?
 ^ Error
-a
06E4:0100 nop
06E4:0101 nop
06E4:0102 call 120
06E4:0105 nop
06E4:0106 nop
06E4:0107 int3
06E4:0108 org 120
            ^ Error
06E4:0108 
-a 120
06E4:0120 nop
06E4:0121 ret 
06E4:0122 
-r
AX=0000  BX=0000  CX=0000  DX=0000  SP=CE5E  BP=0000  SI=0000  DI=0000  
DS=06E4  ES=06E4  SS=06E4  CS=06E4  IP=0100   NV UP DI PL NZ NA PO NC 
06E4:0100 90            NOP                                        
-t

AX=0000  BX=0000  CX=0000  DX=0000  SP=CE5E  BP=0000  SI=0000  DI=0000  
DS=06E4  ES=06E4  SS=06E4  CS=06E4  IP=0101   NV UP DI PL NZ NA PO NC 
06E4:0101 90            NOP                                        
-p

AX=0000  BX=0000  CX=0000  DX=0000  SP=CE5E  BP=0000  SI=0000  DI=0000  
DS=06E4  ES=06E4  SS=06E4  CS=06E4  IP=0102   NV UP DI PL NZ NA PO NC 
06E4:0102 E81B00        CALL    0120                               
-
-p

AX=0000  BX=0000  CX=0000  DX=0000  SP=CE5E  BP=0000  SI=0000  DI=0000  
DS=06E4  ES=06E4  SS=06E4  CS=06E4  IP=0105   NV UP DI PL NZ NA PO NC 
06E4:0105 90            NOP                                        
-p

AX=0000  BX=0000  CX=0000  DX=0000  SP=CE5E  BP=0000  SI=0000  DI=0000  
DS=06E4  ES=06E4  SS=06E4  CS=06E4  IP=0106   NV UP DI PL NZ NA PO NC 
06E4:0106 90            NOP                                        
-q
$ 
```

**Comment by ecm-pushbx** [comment]
> Not the direct answer to your question but I wonder if you could try building under fdpp? This screenshot from @stsp shows almost all of the 640k available

In my earlier comment there is already more than 633 KiB free, that's more than your screenshot shows as available. (Because the debugger also takes up space, my comment actually shows 633 + 59 = 692 KiB available to a program.)

**Comment by stsp** [comment]
> from @stsp shows almost all of the 640k available

I don't think fdpp has better memory footprint
than freedos, unfortunately. freedos relocates
its code to HMA, and fdpp relocates to 64bit space
with the same net result. OTOH fdpp reserves
an extra 1K of conv memory for data and currently
doesn't relocate it. It should. I filled a bug:
https://github.com/stsp/fdpp/issues/25
Of course I can do a dosemu-specific alloc,
but that would be a cheating.

Anyway, this seems to be solved.

**Comment by ecm-pushbx** [comment]
http://www.bttr-software.de/forum/forum_entry.php?id=15572  I made a script to build DEBUG, and uploaded the binary.

**Comment by ecm-pushbx** [comment]
I think loadfix is internal to FreeCOM in FreeDOS. And the crashes may be due to the MASM exexutable's bugs [refer to Rugxulo's comment in that thread]. The only thing I'm certain of is that "loadfix test.bat" crashes, guessing it might be that it wrongly treats the batch file as an executable.

**Comment by stsp** [comment]
I think he misses your point about the fact that
you did loadfix-alike trick with your debugger, and
then it worked.
I think you need to try loadfix together with reducing
the memory amount under dosemu with the use of
`$_dosmem` config option.

**Comment by ecm-pushbx** [comment]
Reported loadfix incorrectly handling batch files in https://github.com/FDOS/freecom/issues/8

**Comment by ecm-pushbx** [comment]
-I"dosmem 640" and "masm DEBCOM2 DEBCOM2 DEBCOM2;" without LOADFIX: "*Out Of Memory*". -I"dosmem 640" without LOADFIX has 569 KiB + 59 KiB free (628 KiB).

-I"dosmem 640" and same command but with LOADFIX: hang without any output from MASM. This leaves 516 KiB + 59 KiB free (ie, 575 KiB). 

-I"dosmem 512", with or without LOADFIX: success. -I"dosmem 512" without LOADFIX leaves 441 KiB + 59 KiB free (500 KiB).

-I"dosmem $((512 + 73))" (dosmem=585) without LOADFIX works. (This leaves 511 KiB + 59 KiB, ie, 570 KiB free.) -I"dosmem $((512 + 74))" (dosmem=586) (also without LOADFIX) fails, hang without output. (This leaves 512 KiB + 59 KiB free, ie, 571 KiB free.)

-I"dosmem $((512 + 73 + 39))" (dosmem=624) without LOADFIX leads to "*Out Of Memory*" from MASM. Same dosmem with LOADFIX makes MASM succeed.

Running dosemu -I"dosmem $((512 + 73 + N))" -X (with N=54 to N=40 ie, dosmem=639 to dosmem=625) fails with the following error message after CONFIG processing:

```
Bad or missing Command Interpreter: c:\command.com /e:1024 /k e:\autoexec.bat
 Enter the full shell command line:
```

**Comment by stsp** [comment]
> fails with the following error message after CONFIG processing:

I think you are hitting bug #50.
I will fix it is fdpp when the time will come.
Or you can try it yourself, fdpp can be debugged
with gdb.

**Comment by stsp** [comment]
I fixed the bug #50 in fdpp.
Could you please check if your problem was
affected or not?
